[2022-03-21 14:27:55] [info]  [15984] Apache Commons Daemon procrun (1.2.4.0 64-bit) started.
[2022-03-21 14:27:55] [info]  [15984] Installing service 'Tomcat' name 'Apache Tomcat 8.5 Tomcat'.
[2022-03-21 14:27:55] [info]  [15984] Service 'Tomcat' installed.
[2022-03-21 14:27:55] [info]  [15984] Apache Commons Daemon procrun finished.
[2022-03-21 14:28:34] [info]  [18712] Apache Commons Daemon procrun (1.2.4.0 64-bit) started.
[2022-03-21 14:28:34] [info]  [18712] Running Service 'Tomcat'...
[2022-03-21 14:28:34] [info]  [11828] Starting service...
[2022-03-21 14:28:36] [info]  [11828] Service started in 1241 milliseconds.
[2022-03-21 14:28:37] [info]  [18712] Run service finished.
[2022-03-21 14:28:37] [info]  [18712] Apache Commons Daemon procrun finished.
[2022-03-21 14:30:38] [info]  [17872] Apache Commons Daemon procrun (1.2.4.0 64-bit) started.
[2022-03-21 14:30:39] [info]  [17872] Running Service 'Tomcat'...
[2022-03-21 14:30:39] [info]  [15432] Starting service...
[2022-03-21 14:30:40] [info]  [15432] Service started in 1224 milliseconds.
[2022-03-21 14:30:41] [info]  [17872] Run service finished.
[2022-03-21 14:30:41] [info]  [17872] Apache Commons Daemon procrun finished.
[2022-03-21 14:32:37] [info]  [13380] Apache Commons Daemon procrun (1.2.4.0 64-bit) started.
[2022-03-21 14:32:37] [info]  [13380] Running Service 'Tomcat'...
[2022-03-21 14:32:37] [info]  [13388] Starting service...
[2022-03-21 14:32:40] [info]  [13388] Service started in 3057 milliseconds.
[2022-03-21 14:42:36] [info]  [19464] Stopping service...
[2022-03-21 14:42:37] [info]  [19464] Service stop thread completed.
[2022-03-21 14:42:37] [info]  [13380] Run service finished.
[2022-03-21 14:42:37] [info]  [13380] Apache Commons Daemon procrun finished.
[2022-03-21 14:42:50] [info]  [14676] Apache Commons Daemon procrun (1.2.4.0 64-bit) started.
[2022-03-21 14:42:50] [info]  [14676] Running Service 'Tomcat'...
[2022-03-21 14:42:50] [info]  [ 4248] Starting service...
[2022-03-21 14:42:54] [info]  [ 4248] Service started in 3626 milliseconds.
[2022-03-21 14:43:30] [info]  [ 2100] Console SHUTDOWN event signaled.
[2022-03-21 14:43:30] [info]  [ 2100] Stopping service...
[2022-03-21 14:43:31] [info]  [ 2100] Service stop thread completed.
[2022-03-21 14:43:31] [info]  [14676] Run service finished.
[2022-03-21 14:43:31] [info]  [14676] Apache Commons Daemon procrun finished.
[2022-03-21 14:45:56] [info]  [15688] Apache Commons Daemon procrun (1.2.4.0 64-bit) started.
[2022-03-21 14:45:56] [info]  [15688] Running Service 'Tomcat'...
[2022-03-21 14:45:56] [info]  [18344] Starting service...
[2022-03-21 14:46:05] [info]  [18344] Service started in 8690 milliseconds.
[2022-03-21 14:48:52] [info]  [ 8940] Stopping service...
[2022-03-21 14:48:53] [info]  [ 8940] Service stop thread completed.
[2022-03-21 14:48:53] [info]  [15688] Run service finished.
[2022-03-21 14:48:53] [info]  [15688] Apache Commons Daemon procrun finished.
[2022-03-21 15:03:58] [info]  [14056] Apache Commons Daemon procrun (1.2.4.0 64-bit) started.
[2022-03-21 15:03:58] [info]  [14056] Running Service 'Tomcat'...
[2022-03-21 15:03:58] [info]  [10420] Starting service...
[2022-03-21 15:04:01] [info]  [10420] Service started in 3165 milliseconds.
[2022-03-21 15:04:48] [info]  [18032] Stopping service...
[2022-03-21 15:04:49] [info]  [18032] Service stop thread completed.
[2022-03-21 15:04:49] [info]  [14056] Run service finished.
[2022-03-21 15:04:49] [info]  [14056] Apache Commons Daemon procrun finished.
[2022-03-21 15:04:49] [info]  [13292] Apache Commons Daemon procrun (1.2.4.0 64-bit) started.
[2022-03-21 15:04:49] [info]  [13292] Running Service 'Tomcat'...
[2022-03-21 15:04:49] [info]  [10100] Starting service...
[2022-03-21 15:04:50] [info]  [10100] Service started in 1198 milliseconds.
[2022-03-21 15:09:23] [info]  [ 6956] Stopping service...
[2022-03-21 15:09:24] [info]  [ 6956] Service stop thread completed.
[2022-03-21 15:09:24] [info]  [13292] Run service finished.
[2022-03-21 15:09:24] [info]  [13292] Apache Commons Daemon procrun finished.
[2022-03-21 15:12:14] [info]  [ 4436] Apache Commons Daemon procrun (1.2.4.0 64-bit) started.
[2022-03-21 15:12:14] [info]  [ 4436] Running Service 'Tomcat'...
[2022-03-21 15:12:14] [info]  [15060] Starting service...
[2022-03-21 15:12:15] [info]  [15060] Service started in 1223 milliseconds.
[2022-03-21 15:12:16] [info]  [ 4436] Run service finished.
[2022-03-21 15:12:16] [info]  [ 4436] Apache Commons Daemon procrun finished.
[2022-03-21 15:14:33] [info]  [ 9228] Apache Commons Daemon procrun (1.2.4.0 64-bit) started.
[2022-03-21 15:14:33] [info]  [ 9228] Running Service 'Tomcat'...
[2022-03-21 15:14:33] [info]  [ 7740] Starting service...
[2022-03-21 15:14:35] [info]  [ 7740] Service started in 1223 milliseconds.
[2022-03-21 15:14:36] [info]  [ 9228] Run service finished.
[2022-03-21 15:14:36] [info]  [ 9228] Apache Commons Daemon procrun finished.
[2022-03-21 15:14:54] [info]  [ 8376] Apache Commons Daemon procrun (1.2.4.0 64-bit) started.
[2022-03-21 15:14:54] [info]  [ 8376] Running Service 'Tomcat'...
[2022-03-21 15:14:54] [info]  [ 8100] Starting service...
[2022-03-21 15:14:56] [info]  [ 8100] Service started in 1223 milliseconds.
[2022-03-21 15:14:57] [info]  [ 8376] Run service finished.
[2022-03-21 15:14:57] [info]  [ 8376] Apache Commons Daemon procrun finished.
