
2022-04-25 12:03:06 Apache Commons Daemon procrun stderr initialized.
25-Apr-2022 12:03:57.854 INFO [main] org.apache.catalina.startup.VersionLoggerListener.log Server version name:   Apache Tomcat/8.5.73
25-Apr-2022 12:03:57.881 INFO [main] org.apache.catalina.startup.VersionLoggerListener.log Server built:          Nov 11 2021 13:14:36 UTC
25-Apr-2022 12:03:57.881 INFO [main] org.apache.catalina.startup.VersionLoggerListener.log Server version number: 8.5.73.0
25-Apr-2022 12:03:57.881 INFO [main] org.apache.catalina.startup.VersionLoggerListener.log OS Name:               Windows 10
25-Apr-2022 12:03:57.881 INFO [main] org.apache.catalina.startup.VersionLoggerListener.log OS Version:            10.0
25-Apr-2022 12:03:57.881 INFO [main] org.apache.catalina.startup.VersionLoggerListener.log Architecture:          amd64
25-Apr-2022 12:03:57.881 INFO [main] org.apache.catalina.startup.VersionLoggerListener.log Java Home:             C:\jdk\jre
25-Apr-2022 12:03:57.881 INFO [main] org.apache.catalina.startup.VersionLoggerListener.log JVM Version:           1.8.0-262-b10
25-Apr-2022 12:03:57.881 INFO [main] org.apache.catalina.startup.VersionLoggerListener.log JVM Vendor:            Oracle Corporation
25-Apr-2022 12:03:57.881 INFO [main] org.apache.catalina.startup.VersionLoggerListener.log CATALINA_BASE:         C:\apache-tomcat
25-Apr-2022 12:03:57.881 INFO [main] org.apache.catalina.startup.VersionLoggerListener.log CATALINA_HOME:         C:\apache-tomcat
25-Apr-2022 12:03:57.881 INFO [main] org.apache.catalina.startup.VersionLoggerListener.log Command line argument: -Dcatalina.home=C:\apache-tomcat
25-Apr-2022 12:03:57.881 INFO [main] org.apache.catalina.startup.VersionLoggerListener.log Command line argument: -Dcatalina.base=C:\apache-tomcat
25-Apr-2022 12:03:57.881 INFO [main] org.apache.catalina.startup.VersionLoggerListener.log Command line argument: -Dignore.endorsed.dirs=C:\apache-tomcat\endorsed
25-Apr-2022 12:03:57.881 INFO [main] org.apache.catalina.startup.VersionLoggerListener.log Command line argument: -Djava.io.tmpdir=C:\apache-tomcat\temp
25-Apr-2022 12:03:57.881 INFO [main] org.apache.catalina.startup.VersionLoggerListener.log Command line argument: -Djava.util.logging.manager=org.apache.juli.ClassLoaderLogManager
25-Apr-2022 12:03:57.881 INFO [main] org.apache.catalina.startup.VersionLoggerListener.log Command line argument: -Djava.util.logging.config.file=C:\apache-tomcat\conf\logging.properties
25-Apr-2022 12:03:57.881 INFO [main] org.apache.catalina.startup.VersionLoggerListener.log Command line argument: exit
25-Apr-2022 12:03:57.881 INFO [main] org.apache.catalina.startup.VersionLoggerListener.log Command line argument: abort
25-Apr-2022 12:03:57.881 INFO [main] org.apache.catalina.startup.VersionLoggerListener.log Command line argument: -Xms128m
25-Apr-2022 12:03:57.881 INFO [main] org.apache.catalina.startup.VersionLoggerListener.log Command line argument: -Xmx256m
25-Apr-2022 12:03:57.881 INFO [main] org.apache.catalina.core.AprLifecycleListener.lifecycleEvent Loaded Apache Tomcat Native library [1.2.31] using APR version [1.7.0].
25-Apr-2022 12:03:57.881 INFO [main] org.apache.catalina.core.AprLifecycleListener.lifecycleEvent APR capabilities: IPv6 [true], sendfile [true], accept filters [false], random [true], UDS [{4}].
25-Apr-2022 12:03:57.881 INFO [main] org.apache.catalina.core.AprLifecycleListener.lifecycleEvent APR/OpenSSL configuration: useAprConnector [false], useOpenSSL [true]
25-Apr-2022 12:03:57.896 INFO [main] org.apache.catalina.core.AprLifecycleListener.initializeSSL OpenSSL successfully initialized [OpenSSL 1.1.1l  24 Aug 2021]
25-Apr-2022 12:03:58.572 INFO [main] org.apache.coyote.AbstractProtocol.init Initializing ProtocolHandler ["http-nio-8080"]
25-Apr-2022 12:03:58.933 INFO [main] org.apache.tomcat.util.net.NioSelectorPool.getSharedSelector Using a shared selector for servlet write/read
25-Apr-2022 12:03:58.956 INFO [main] org.apache.catalina.startup.Catalina.load Initialization processed in 26012 ms
25-Apr-2022 12:03:59.011 INFO [main] org.apache.catalina.core.StandardService.startInternal Starting service [Catalina]
25-Apr-2022 12:03:59.011 INFO [main] org.apache.catalina.core.StandardEngine.startInternal Starting Servlet engine: [Apache Tomcat/8.5.73]
25-Apr-2022 12:03:59.027 INFO [localhost-startStop-1] org.apache.catalina.startup.HostConfig.deployDirectory Deploying web application directory [C:\apache-tomcat\webapps\docs]
25-Apr-2022 12:03:59.404 INFO [localhost-startStop-1] org.apache.catalina.startup.HostConfig.deployDirectory Deployment of web application directory [C:\apache-tomcat\webapps\docs] has finished in [377] ms
25-Apr-2022 12:03:59.404 INFO [localhost-startStop-1] org.apache.catalina.startup.HostConfig.deployDirectory Deploying web application directory [C:\apache-tomcat\webapps\examples]
25-Apr-2022 12:04:00.895 INFO [localhost-startStop-1] org.apache.catalina.startup.HostConfig.deployDirectory Deployment of web application directory [C:\apache-tomcat\webapps\examples] has finished in [1,491] ms
25-Apr-2022 12:04:00.911 INFO [localhost-startStop-1] org.apache.catalina.startup.HostConfig.deployDirectory Deploying web application directory [C:\apache-tomcat\webapps\host-manager]
25-Apr-2022 12:04:00.942 INFO [localhost-startStop-1] org.apache.catalina.startup.HostConfig.deployDirectory Deployment of web application directory [C:\apache-tomcat\webapps\host-manager] has finished in [31] ms
25-Apr-2022 12:04:00.942 INFO [localhost-startStop-1] org.apache.catalina.startup.HostConfig.deployDirectory Deploying web application directory [C:\apache-tomcat\webapps\manager]
25-Apr-2022 12:04:00.989 INFO [localhost-startStop-1] org.apache.catalina.startup.HostConfig.deployDirectory Deployment of web application directory [C:\apache-tomcat\webapps\manager] has finished in [47] ms
25-Apr-2022 12:04:00.989 INFO [localhost-startStop-1] org.apache.catalina.startup.HostConfig.deployDirectory Deploying web application directory [C:\apache-tomcat\webapps\ROOT]
25-Apr-2022 12:04:01.021 INFO [localhost-startStop-1] org.apache.catalina.startup.HostConfig.deployDirectory Deployment of web application directory [C:\apache-tomcat\webapps\ROOT] has finished in [32] ms
25-Apr-2022 12:04:01.021 INFO [main] org.apache.coyote.AbstractProtocol.start Starting ProtocolHandler ["http-nio-8080"]
25-Apr-2022 12:04:01.036 INFO [main] org.apache.catalina.startup.Catalina.start Server startup in 2075 ms
